# JRE version: OpenJDK Runtime Environment (7.0_65-b32) (build 1.7.0_65-b32)
# Java VM: OpenJDK 64-Bit Server VM (24.65-b04 mixed mode linux-amd64 compressed oops)
Heap
 def new generation   total 314560K, used 185128K [0x00000000b5a00000, 0x00000000caf50000, 0x00000000caf50000)
  eden space 279616K,  66% used [0x00000000b5a00000, 0x00000000c0eca2f0, 0x00000000c6b10000)
  from space 34944K,   0% used [0x00000000c6b10000, 0x00000000c6b10000, 0x00000000c8d30000)
  to   space 34944K,   0% used [0x00000000c8d30000, 0x00000000c8d30000, 0x00000000caf50000)
 tenured generation   total 699072K, used 44642K [0x00000000caf50000, 0x00000000f5a00000, 0x00000000f5a00000)
   the space 699072K,   6% used [0x00000000caf50000, 0x00000000cdae8b70, 0x00000000cdae8c00, 0x00000000f5a00000)
 compacting perm gen  total 46528K, used 46477K [0x00000000f5a00000, 0x00000000f8770000, 0x0000000100000000)
   the space 46528K,  99% used [0x00000000f5a00000, 0x00000000f8763750, 0x00000000f8763800, 0x00000000f8770000)
GC Heap History (8 events):
Event: 1.245 GC heap before
{Heap before GC invocations=0 (full 0):
 def new generation   total 314560K, used 100728K [0x00000000b5a00000, 0x00000000caf50000, 0x00000000caf50000)
  eden space 279616K,  36% used [0x00000000b5a00000, 0x00000000bbc5e090, 0x00000000c6b10000)
  from space 34944K,   0% used [0x00000000c6b10000, 0x00000000c6b10000, 0x00000000c8d30000)
  to   space 34944K,   0% used [0x00000000c8d30000, 0x00000000c8d30000, 0x00000000caf50000)
 tenured generation   total 699072K, used 0K [0x00000000caf50000, 0x00000000f5a00000, 0x00000000f5a00000)
   the space 699072K,   0% used [0x00000000caf50000, 0x00000000caf50000, 0x00000000caf50200, 0x00000000f5a00000)
 compacting perm gen  total 26688K, used 26687K [0x00000000f5a00000, 0x00000000f7410000, 0x0000000100000000)
   the space 26688K,  99% used [0x00000000f5a00000, 0x00000000f740ff58, 0x00000000f7410000, 0x00000000f7410000)
No shared spaces configured.
Event: 1.287 GC heap after
Heap after GC invocations=1 (full 1):
 def new generation   total 314560K, used 0K [0x00000000b5a00000, 0x00000000caf50000, 0x00000000caf50000)
  eden space 279616K,   0% used [0x00000000b5a00000, 0x00000000b5a00000, 0x00000000c6b10000)
  from space 34944K,   0% used [0x00000000c6b10000, 0x00000000c6b10000, 0x00000000c8d30000)
  to   space 34944K,   0% used [0x00000000c8d30000, 0x00000000c8d30000, 0x00000000caf50000)
 tenured generation   total 699072K, used 16167K [0x00000000caf50000, 0x00000000f5a00000, 0x00000000f5a00000)
   the space 699072K,   2% used [0x00000000caf50000, 0x00000000cbf19da0, 0x00000000cbf19e00, 0x00000000f5a00000)
 compacting perm gen  total 26688K, used 26687K [0x00000000f5a00000, 0x00000000f7410000, 0x0000000100000000)
   the space 26688K,  99% used [0x00000000f5a00000, 0x00000000f740ff58, 0x00000000f7410000, 0x00000000f7410000)
No shared spaces configured.
}
Event: 1.634 GC heap before
{Heap before GC invocations=1 (full 1):
 def new generation   total 314560K, used 43342K [0x00000000b5a00000, 0x00000000caf50000, 0x00000000caf50000)
  eden space 279616K,  15% used [0x00000000b5a00000, 0x00000000b8453820, 0x00000000c6b10000)
  from space 34944K,   0% used [0x00000000c6b10000, 0x00000000c6b10000, 0x00000000c8d30000)
  to   space 34944K,   0% used [0x00000000c8d30000, 0x00000000c8d30000, 0x00000000caf50000)
 tenured generation   total 699072K, used 16167K [0x00000000caf50000, 0x00000000f5a00000, 0x00000000f5a00000)
   the space 699072K,   2% used [0x00000000caf50000, 0x00000000cbf19da0, 0x00000000cbf19e00, 0x00000000f5a00000)
 compacting perm gen  total 32128K, used 32127K [0x00000000f5a00000, 0x00000000f7960000, 0x0000000100000000)
   the space 32128K,  99% used [0x00000000f5a00000, 0x00000000f795fd40, 0x00000000f795fe00, 0x00000000f7960000)
No shared spaces configured.
Event: 1.686 GC heap after
Heap after GC invocations=2 (full 2):
 def new generation   total 314560K, used 0K [0x00000000b5a00000, 0x00000000caf50000, 0x00000000caf50000)
  eden space 279616K,   0% used [0x00000000b5a00000, 0x00000000b5a00000, 0x00000000c6b10000)
  from space 34944K,   0% used [0x00000000c6b10000, 0x00000000c6b10000, 0x00000000c8d30000)
  to   space 34944K,   0% used [0x00000000c8d30000, 0x00000000c8d30000, 0x00000000caf50000)
 tenured generation   total 699072K, used 20562K [0x00000000caf50000, 0x00000000f5a00000, 0x00000000f5a00000)
   the space 699072K,   2% used [0x00000000caf50000, 0x00000000cc364a30, 0x00000000cc364c00, 0x00000000f5a00000)
 compacting perm gen  total 32128K, used 32127K [0x00000000f5a00000, 0x00000000f7960000, 0x0000000100000000)
   the space 32128K,  99% used [0x00000000f5a00000, 0x00000000f795fd40, 0x00000000f795fe00, 0x00000000f7960000)
No shared spaces configured.
}
Event: 2.575 GC heap before
{Heap before GC invocations=2 (full 2):
 def new generation   total 314560K, used 119682K [0x00000000b5a00000, 0x00000000caf50000, 0x00000000caf50000)
  eden space 279616K,  42% used [0x00000000b5a00000, 0x00000000bcee0a00, 0x00000000c6b10000)
  from space 34944K,   0% used [0x00000000c6b10000, 0x00000000c6b10000, 0x00000000c8d30000)
  to   space 34944K,   0% used [0x00000000c8d30000, 0x00000000c8d30000, 0x00000000caf50000)
 tenured generation   total 699072K, used 20562K [0x00000000caf50000, 0x00000000f5a00000, 0x00000000f5a00000)
   the space 699072K,   2% used [0x00000000caf50000, 0x00000000cc364a30, 0x00000000cc364c00, 0x00000000f5a00000)
 compacting perm gen  total 37568K, used 37567K [0x00000000f5a00000, 0x00000000f7eb0000, 0x0000000100000000)
   the space 37568K,  99% used [0x00000000f5a00000, 0x00000000f7eaffb0, 0x00000000f7eb0000, 0x00000000f7eb0000)
No shared spaces configured.
Event: 2.743 GC heap after
Heap after GC invocations=3 (full 3):
 def new generation   total 314560K, used 0K [0x00000000b5a00000, 0x00000000caf50000, 0x00000000caf50000)
  eden space 279616K,   0% used [0x00000000b5a00000, 0x00000000b5a00000, 0x00000000c6b10000)
  from space 34944K,   0% used [0x00000000c6b10000, 0x00000000c6b10000, 0x00000000c8d30000)
  to   space 34944K,   0% used [0x00000000c8d30000, 0x00000000c8d30000, 0x00000000caf50000)
 tenured generation   total 699072K, used 56611K [0x00000000caf50000, 0x00000000f5a00000, 0x00000000f5a00000)
   the space 699072K,   8% used [0x00000000caf50000, 0x00000000ce698ef8, 0x00000000ce699000, 0x00000000f5a00000)
 compacting perm gen  total 37568K, used 37567K [0x00000000f5a00000, 0x00000000f7eb0000, 0x0000000100000000)
   the space 37568K,  99% used [0x00000000f5a00000, 0x00000000f7eaffb0, 0x00000000f7eb0000, 0x00000000f7eb0000)
No shared spaces configured.
}
Event: 4.682 GC heap before
{Heap before GC invocations=3 (full 3):
 def new generation   total 314560K, used 124506K [0x00000000b5a00000, 0x00000000caf50000, 0x00000000caf50000)
  eden space 279616K,  44% used [0x00000000b5a00000, 0x00000000bd396900, 0x00000000c6b10000)
  from space 34944K,   0% used [0x00000000c6b10000, 0x00000000c6b10000, 0x00000000c8d30000)
  to   space 34944K,   0% used [0x00000000c8d30000, 0x00000000c8d30000, 0x00000000caf50000)
 tenured generation   total 699072K, used 56611K [0x00000000caf50000, 0x00000000f5a00000, 0x00000000f5a00000)
   the space 699072K,   8% used [0x00000000caf50000, 0x00000000ce698ef8, 0x00000000ce699000, 0x00000000f5a00000)
 compacting perm gen  total 43008K, used 43006K [0x00000000f5a00000, 0x00000000f8400000, 0x0000000100000000)
   the space 43008K,  99% used [0x00000000f5a00000, 0x00000000f83ffb50, 0x00000000f83ffc00, 0x00000000f8400000)
No shared spaces configured.
Event: 4.943 GC heap after
Heap after GC invocations=4 (full 4):
 def new generation   total 314560K, used 0K [0x00000000b5a00000, 0x00000000caf50000, 0x00000000caf50000)
  eden space 279616K,   0% used [0x00000000b5a00000, 0x00000000b5a00000, 0x00000000c6b10000)
  from space 34944K,   0% used [0x00000000c6b10000, 0x00000000c6b10000, 0x00000000c8d30000)
  to   space 34944K,   0% used [0x00000000c8d30000, 0x00000000c8d30000, 0x00000000caf50000)
 tenured generation   total 699072K, used 44642K [0x00000000caf50000, 0x00000000f5a00000, 0x00000000f5a00000)
   the space 699072K,   6% used [0x00000000caf50000, 0x00000000cdae8b70, 0x00000000cdae8c00, 0x00000000f5a00000)
 compacting perm gen  total 43008K, used 42983K [0x00000000f5a00000, 0x00000000f8400000, 0x0000000100000000)
   the space 43008K,  99% used [0x00000000f5a00000, 0x00000000f83f9e90, 0x00000000f83fa000, 0x00000000f8400000)
No shared spaces configured.
}

