# JRE version: OpenJDK Runtime Environment (7.0_65-b32) (build 1.7.0_65-b32)
# Java VM: OpenJDK 64-Bit Server VM (24.65-b04 mixed mode linux-amd64 compressed oops)
Heap
 def new generation   total 314560K, used 123058K [0x00000000b5a00000, 0x00000000caf50000, 0x00000000caf50000)
  eden space 279616K,  44% used [0x00000000b5a00000, 0x00000000bd22cbe8, 0x00000000c6b10000)
  from space 34944K,   0% used [0x00000000c6b10000, 0x00000000c6b10000, 0x00000000c8d30000)
  to   space 34944K,   0% used [0x00000000c8d30000, 0x00000000c8d30000, 0x00000000caf50000)
 tenured generation   total 699072K, used 29642K [0x00000000caf50000, 0x00000000f5a00000, 0x00000000f5a00000)
   the space 699072K,   4% used [0x00000000caf50000, 0x00000000ccc42ac8, 0x00000000ccc42c00, 0x00000000f5a00000)
 compacting perm gen  total 41408K, used 41402K [0x00000000f5a00000, 0x00000000f8270000, 0x0000000100000000)
   the space 41408K,  99% used [0x00000000f5a00000, 0x00000000f826e8f0, 0x00000000f826ea00, 0x00000000f8270000)
GC Heap History (6 events):
Event: 4.204 GC heap before
{Heap before GC invocations=0 (full 0):
 def new generation   total 314560K, used 106307K [0x00000000b5a00000, 0x00000000caf50000, 0x00000000caf50000)
  eden space 279616K,  38% used [0x00000000b5a00000, 0x00000000bc1d0d88, 0x00000000c6b10000)
  from space 34944K,   0% used [0x00000000c6b10000, 0x00000000c6b10000, 0x00000000c8d30000)
  to   space 34944K,   0% used [0x00000000c8d30000, 0x00000000c8d30000, 0x00000000caf50000)
 tenured generation   total 699072K, used 0K [0x00000000caf50000, 0x00000000f5a00000, 0x00000000f5a00000)
   the space 699072K,   0% used [0x00000000caf50000, 0x00000000caf50000, 0x00000000caf50200, 0x00000000f5a00000)
 compacting perm gen  total 26688K, used 26686K [0x00000000f5a00000, 0x00000000f7410000, 0x0000000100000000)
   the space 26688K,  99% used [0x00000000f5a00000, 0x00000000f740fa50, 0x00000000f740fc00, 0x00000000f7410000)
No shared spaces configured.
Event: 4.321 GC heap after
Heap after GC invocations=1 (full 1):
 def new generation   total 314560K, used 0K [0x00000000b5a00000, 0x00000000caf50000, 0x00000000caf50000)
  eden space 279616K,   0% used [0x00000000b5a00000, 0x00000000b5a00000, 0x00000000c6b10000)
  from space 34944K,   0% used [0x00000000c6b10000, 0x00000000c6b10000, 0x00000000c8d30000)
  to   space 34944K,   0% used [0x00000000c8d30000, 0x00000000c8d30000, 0x00000000caf50000)
 tenured generation   total 699072K, used 16113K [0x00000000caf50000, 0x00000000f5a00000, 0x00000000f5a00000)
   the space 699072K,   2% used [0x00000000caf50000, 0x00000000cbf0c788, 0x00000000cbf0c800, 0x00000000f5a00000)
 compacting perm gen  total 26688K, used 26686K [0x00000000f5a00000, 0x00000000f7410000, 0x0000000100000000)
   the space 26688K,  99% used [0x00000000f5a00000, 0x00000000f740fa50, 0x00000000f740fc00, 0x00000000f7410000)
No shared spaces configured.
}
Event: 4.866 GC heap before
{Heap before GC invocations=1 (full 1):
 def new generation   total 314560K, used 46148K [0x00000000b5a00000, 0x00000000caf50000, 0x00000000caf50000)
  eden space 279616K,  16% used [0x00000000b5a00000, 0x00000000b8711018, 0x00000000c6b10000)
  from space 34944K,   0% used [0x00000000c6b10000, 0x00000000c6b10000, 0x00000000c8d30000)
  to   space 34944K,   0% used [0x00000000c8d30000, 0x00000000c8d30000, 0x00000000caf50000)
 tenured generation   total 699072K, used 16113K [0x00000000caf50000, 0x00000000f5a00000, 0x00000000f5a00000)
   the space 699072K,   2% used [0x00000000caf50000, 0x00000000cbf0c788, 0x00000000cbf0c800, 0x00000000f5a00000)
 compacting perm gen  total 32128K, used 32127K [0x00000000f5a00000, 0x00000000f7960000, 0x0000000100000000)
   the space 32128K,  99% used [0x00000000f5a00000, 0x00000000f795ff00, 0x00000000f7960000, 0x00000000f7960000)
No shared spaces configured.
Event: 4.975 GC heap after
Heap after GC invocations=2 (full 2):
 def new generation   total 314560K, used 0K [0x00000000b5a00000, 0x00000000caf50000, 0x00000000caf50000)
  eden space 279616K,   0% used [0x00000000b5a00000, 0x00000000b5a00000, 0x00000000c6b10000)
  from space 34944K,   0% used [0x00000000c6b10000, 0x00000000c6b10000, 0x00000000c8d30000)
  to   space 34944K,   0% used [0x00000000c8d30000, 0x00000000c8d30000, 0x00000000caf50000)
 tenured generation   total 699072K, used 20512K [0x00000000caf50000, 0x00000000f5a00000, 0x00000000f5a00000)
   the space 699072K,   2% used [0x00000000caf50000, 0x00000000cc358068, 0x00000000cc358200, 0x00000000f5a00000)
 compacting perm gen  total 32128K, used 32127K [0x00000000f5a00000, 0x00000000f7960000, 0x0000000100000000)
   the space 32128K,  99% used [0x00000000f5a00000, 0x00000000f795ff00, 0x00000000f7960000, 0x00000000f7960000)
No shared spaces configured.
}
Event: 5.773 GC heap before
{Heap before GC invocations=2 (full 2):
 def new generation   total 314560K, used 51187K [0x00000000b5a00000, 0x00000000caf50000, 0x00000000caf50000)
  eden space 279616K,  18% used [0x00000000b5a00000, 0x00000000b8bfcda0, 0x00000000c6b10000)
  from space 34944K,   0% used [0x00000000c6b10000, 0x00000000c6b10000, 0x00000000c8d30000)
  to   space 34944K,   0% used [0x00000000c8d30000, 0x00000000c8d30000, 0x00000000caf50000)
 tenured generation   total 699072K, used 20512K [0x00000000caf50000, 0x00000000f5a00000, 0x00000000f5a00000)
   the space 699072K,   2% used [0x00000000caf50000, 0x00000000cc358068, 0x00000000cc358200, 0x00000000f5a00000)
 compacting perm gen  total 37568K, used 37567K [0x00000000f5a00000, 0x00000000f7eb0000, 0x0000000100000000)
   the space 37568K,  99% used [0x00000000f5a00000, 0x00000000f7eafe30, 0x00000000f7eb0000, 0x00000000f7eb0000)
No shared spaces configured.
Event: 6.078 GC heap after
Heap after GC invocations=3 (full 3):
 def new generation   total 314560K, used 0K [0x00000000b5a00000, 0x00000000caf50000, 0x00000000caf50000)
  eden space 279616K,   0% used [0x00000000b5a00000, 0x00000000b5a00000, 0x00000000c6b10000)
  from space 34944K,   0% used [0x00000000c6b10000, 0x00000000c6b10000, 0x00000000c8d30000)
  to   space 34944K,   0% used [0x00000000c8d30000, 0x00000000c8d30000, 0x00000000caf50000)
 tenured generation   total 699072K, used 29642K [0x00000000caf50000, 0x00000000f5a00000, 0x00000000f5a00000)
   the space 699072K,   4% used [0x00000000caf50000, 0x00000000ccc42ac8, 0x00000000ccc42c00, 0x00000000f5a00000)
 compacting perm gen  total 37568K, used 37567K [0x00000000f5a00000, 0x00000000f7eb0000, 0x0000000100000000)
   the space 37568K,  99% used [0x00000000f5a00000, 0x00000000f7eafe30, 0x00000000f7eb0000, 0x00000000f7eb0000)
No shared spaces configured.
}

